<?xml version="1.0" encoding="UTF-8"?>
<testsuite name="claire.spring.ApplicationTests" tests="1" skipped="0" failures="0" errors="0" timestamp="2024-11-09T15:55:58" hostname="sunho-MacBookProM3" time="1.17">
  <properties/>
  <testcase name="contextLoads()" classname="claire.spring.ApplicationTests" time="1.17"/>
  <system-out><![CDATA[00:55:45.926 [Test worker] INFO org.springframework.test.context.support.AnnotationConfigContextLoaderUtils -- Could not detect default configuration classes for test class [claire.spring.ApplicationTests]: ApplicationTests does not declare any static, non-private, non-final, nested classes annotated with @Configuration.
00:55:46.138 [Test worker] INFO org.springframework.boot.test.context.SpringBootTestContextBootstrapper -- Found @SpringBootConfiguration claire.spring.Application for test class claire.spring.ApplicationTests

  .   ____          _            __ _ _
 /\\ / ___'_ __ _ _(_)_ __  __ _ \ \ \ \
( ( )\___ | '_ | '_| | '_ \/ _` | \ \ \ \
 \\/  ___)| |_)| | | | | || (_| |  ) ) ) )
  '  |____| .__|_| |_|_| |_\__, | / / / /
 =========|_|==============|___/=/_/_/_/

 :: Spring Boot ::                (v3.3.4)

2024-11-10T00:55:46.889+09:00  INFO 55739 --- [spring] [    Test worker] claire.spring.ApplicationTests           : Starting ApplicationTests using Java 17.0.11 with PID 55739 (started by claire in /Users/claire/Desktop/umc-7th-springboot)
2024-11-10T00:55:46.891+09:00  INFO 55739 --- [spring] [    Test worker] claire.spring.ApplicationTests           : No active profile set, falling back to 1 default profile: "default"
2024-11-10T00:55:48.894+09:00  INFO 55739 --- [spring] [    Test worker] .s.d.r.c.RepositoryConfigurationDelegate : Bootstrapping Spring Data JPA repositories in DEFAULT mode.
2024-11-10T00:55:49.146+09:00  INFO 55739 --- [spring] [    Test worker] .s.d.r.c.RepositoryConfigurationDelegate : Finished Spring Data repository scanning in 242 ms. Found 1 JPA repository interface.
2024-11-10T00:55:50.712+09:00  INFO 55739 --- [spring] [    Test worker] o.hibernate.jpa.internal.util.LogHelper  : HHH000204: Processing PersistenceUnitInfo [name: default]
2024-11-10T00:55:50.768+09:00  INFO 55739 --- [spring] [    Test worker] org.hibernate.Version                    : HHH000412: Hibernate ORM core version 6.0.2.Final
2024-11-10T00:55:51.020+09:00  WARN 55739 --- [spring] [    Test worker] org.hibernate.orm.deprecation            : HHH90000021: Encountered deprecated setting [javax.persistence.sharedCache.mode], use [jakarta.persistence.sharedCache.mode] instead
2024-11-10T00:55:51.164+09:00  INFO 55739 --- [spring] [    Test worker] com.zaxxer.hikari.HikariDataSource       : HikariPool-1 - Starting...
2024-11-10T00:55:51.730+09:00  INFO 55739 --- [spring] [    Test worker] com.zaxxer.hikari.pool.HikariPool        : HikariPool-1 - Added connection com.mysql.cj.jdbc.ConnectionImpl@2558f65c
2024-11-10T00:55:51.733+09:00  INFO 55739 --- [spring] [    Test worker] com.zaxxer.hikari.HikariDataSource       : HikariPool-1 - Start completed.
2024-11-10T00:55:51.757+09:00  INFO 55739 --- [spring] [    Test worker] SQL dialect                              : HHH000400: Using dialect: org.hibernate.dialect.MySQL8Dialect
2024-11-10T00:55:51.759+09:00  WARN 55739 --- [spring] [    Test worker] org.hibernate.orm.deprecation            : HHH90000026: MySQL8Dialect has been deprecated; use org.hibernate.dialect.MySQLDialect instead
2024-11-10T00:55:54.500+09:00  INFO 55739 --- [spring] [    Test worker] o.h.e.t.j.p.i.JtaPlatformInitiator       : HHH000490: Using JtaPlatform implementation: [org.hibernate.engine.transaction.jta.platform.internal.NoJtaPlatform]
2024-11-10T00:55:54.519+09:00  INFO 55739 --- [spring] [    Test worker] j.LocalContainerEntityManagerFactoryBean : Initialized JPA EntityManagerFactory for persistence unit 'default'
2024-11-10T00:55:56.552+09:00  WARN 55739 --- [spring] [    Test worker] JpaBaseConfiguration$JpaWebConfiguration : spring.jpa.open-in-view is enabled by default. Therefore, database queries may be performed during view rendering. Explicitly configure spring.jpa.open-in-view to disable this warning
2024-11-10T00:55:57.611+09:00  INFO 55739 --- [spring] [    Test worker] claire.spring.ApplicationTests           : Started ApplicationTests in 11.262 seconds (process running for 13.198)
Executing findStoresByNameAndRating with parameters:
Name: 요아정
Rating: 4.0
Hibernate: 
    /* select
        store 
    from
        Store store 
    where
        store.name = ?1 
        and store.rating >= ?2 */ select
            s1_0.id,
            s1_0.address,
            s1_0.category_id,
            s1_0.img_url,
            s1_0.name,
            s1_0.rating,
            s1_0.region_id 
        from
            store s1_0 
        where
            s1_0.name=? 
            and s1_0.rating>=?
Hibernate: 
    select
        r1_0.id,
        r1_0.created_at,
        r1_0.name,
        r1_0.updated_at 
    from
        region r1_0 
    where
        r1_0.id=?
Store: Store{id = 4, name = '요아정', address = '서울시 용산구 이태원동', score = 4.0, region = 서울}
Store: Store{id = 6, name = '요아정', address = '서울시 강남구 대치동', score = 4.5, region = 서울}
Store{id = 4, name = '요아정', address = '서울시 용산구 이태원동', score = 4.0, region = 서울}
Store{id = 6, name = '요아정', address = '서울시 강남구 대치동', score = 4.5, region = 서울}
]]></system-out>
  <system-err><![CDATA[ANTLR Tool version 4.10 used for code generation does not match the current runtime version 4.13.0
ANTLR Runtime version 4.10 used for parser compilation does not match the current runtime version 4.13.0
ANTLR Tool version 4.10 used for code generation does not match the current runtime version 4.13.0
ANTLR Runtime version 4.10 used for parser compilation does not match the current runtime version 4.13.0
]]></system-err>
</testsuite>
